[debug] [2024-04-06T18:39:43.630Z] ----------------------------------------------------------------------
[debug] [2024-04-06T18:39:43.632Z] Command:       E:\node js\node.exe C:\Users\sriva\AppData\Roaming\npm\node_modules\firebase-tools\lib\bin\firebase.js init
[debug] [2024-04-06T18:39:43.632Z] CLI Version:   13.7.1
[debug] [2024-04-06T18:39:43.633Z] Platform:      win32
[debug] [2024-04-06T18:39:43.633Z] Node Version:  v18.16.1
[debug] [2024-04-06T18:39:43.648Z] Time:          Sun Apr 07 2024 00:09:43 GMT+0530 (India Standard Time)
[debug] [2024-04-06T18:39:43.649Z] ----------------------------------------------------------------------
[debug] 
[debug] [2024-04-06T18:39:44.232Z] > command requires scopes: ["email","openid","https://www.googleapis.com/auth/cloudplatformprojects.readonly","https://www.googleapis.com/auth/firebase","https://www.googleapis.com/auth/cloud-platform"]
[debug] [2024-04-06T18:39:44.232Z] > authorizing via signed-in user (svatsa2005@gmail.com)
[info] 
     ######## #### ########  ######## ########     ###     ######  ########
     ##        ##  ##     ## ##       ##     ##  ##   ##  ##       ##
     ######    ##  ########  ######   ########  #########  ######  ######
     ##        ##  ##    ##  ##       ##     ## ##     ##       ## ##
     ##       #### ##     ## ######## ########  ##     ##  ######  ########

You're about to initialize a Firebase project in this directory:

  F:\Programming\xo

Before we get started, keep in mind:

  * You are initializing within an existing Firebase project directory

